<?xml version="1.0" encoding="UTF-8"?>
<coverage generated="1755462951955" clover="3.2.0">
  <project timestamp="1755462951955" name="All files">
    <metrics statements="18" coveredstatements="18" conditionals="0" coveredconditionals="0" methods="13" coveredmethods="13" elements="31" coveredelements="31" complexity="0" loc="18" ncloc="18" packages="2" files="4" classes="4"/>
    <package name="src">
      <metrics statements="13" coveredstatements="13" conditionals="0" coveredconditionals="0" methods="9" coveredmethods="9"/>
      <file name="App.jsx" path="C:/Users/hp/OneDrive/Bureau/full-stack-course/react-effect/src/App.jsx">
        <metrics statements="13" coveredstatements="13" conditionals="0" coveredconditionals="0" methods="9" coveredmethods="9"/>
        <line num="8" count="51" type="stmt"/>
        <line num="10" count="51" type="stmt"/>
        <line num="16" count="51" type="stmt"/>
        <line num="17" count="3" type="stmt"/>
        <line num="21" count="44" type="stmt"/>
        <line num="22" count="44" type="stmt"/>
        <line num="26" count="3" type="stmt"/>
        <line num="27" count="3" type="stmt"/>
        <line num="28" count="3" type="stmt"/>
        <line num="32" count="1" type="stmt"/>
        <line num="33" count="1" type="stmt"/>
        <line num="34" count="1" type="stmt"/>
        <line num="37" count="51" type="stmt"/>
      </file>
    </package>
    <package name="src.components">
      <metrics statements="5" coveredstatements="5" conditionals="0" coveredconditionals="0" methods="4" coveredmethods="4"/>
      <file name="Header.jsx" path="C:/Users/hp/OneDrive/Bureau/full-stack-course/react-effect/src/components/Header.jsx">
        <metrics statements="1" coveredstatements="1" conditionals="0" coveredconditionals="0" methods="1" coveredmethods="1"/>
        <line num="4" count="53" type="stmt"/>
      </file>
      <file name="Input.jsx" path="C:/Users/hp/OneDrive/Bureau/full-stack-course/react-effect/src/components/Input.jsx">
        <metrics statements="3" coveredstatements="3" conditionals="0" coveredconditionals="0" methods="2" coveredmethods="2"/>
        <line num="4" count="1" type="stmt"/>
        <line num="5" count="1" type="stmt"/>
        <line num="8" count="54" type="stmt"/>
      </file>
      <file name="Meme.jsx" path="C:/Users/hp/OneDrive/Bureau/full-stack-course/react-effect/src/components/Meme.jsx">
        <metrics statements="1" coveredstatements="1" conditionals="0" coveredconditionals="0" methods="1" coveredmethods="1"/>
        <line num="2" count="54" type="stmt"/>
      </file>
    </package>
  </project>
</coverage>
