{"C:/Users/hp/OneDrive/Bureau/full-stack-course/react-effect/src/App.jsx": {"path":"C:/Users/hp/OneDrive/Bureau/full-stack-course/react-effect/src/App.jsx","statementMap":{"0":{"start":{"line":8,"column":36},"end":{"line":8,"column":null}},"1":{"start":{"line":10,"column":28},"end":{"line":14,"column":null}},"2":{"start":{"line":16,"column":4},"end":{"line":18,"column":null}},"3":{"start":{"line":17,"column":8},"end":{"line":17,"column":null}},"4":{"start":{"line":21,"column":32},"end":{"line":21,"column":null}},"5":{"start":{"line":22,"column":8},"end":{"line":22,"column":null}},"6":{"start":{"line":22,"column":25},"end":{"line":22,"column":50}},"7":{"start":{"line":26,"column":8},"end":{"line":28,"column":null}},"8":{"start":{"line":27,"column":25},"end":{"line":27,"column":35}},"9":{"start":{"line":28,"column":26},"end":{"line":28,"column":54}},"10":{"start":{"line":32,"column":28},"end":{"line":32,"column":null}},"11":{"start":{"line":33,"column":27},"end":{"line":33,"column":null}},"12":{"start":{"line":34,"column":8},"end":{"line":34,"column":null}},"13":{"start":{"line":34,"column":25},"end":{"line":34,"column":61}},"14":{"start":{"line":37,"column":4},"end":{"line":50,"column":null}}},"fnMap":{"0":{"name":"App","decl":{"start":{"line":6,"column":24},"end":{"line":6,"column":30}},"loc":{"start":{"line":6,"column":30},"end":{"line":53,"column":null}}},"1":{"name":"(anonymous_1)","decl":{"start":{"line":16,"column":14},"end":{"line":16,"column":20}},"loc":{"start":{"line":16,"column":20},"end":{"line":18,"column":7}}},"2":{"name":"handleInputChange","decl":{"start":{"line":20,"column":13},"end":{"line":20,"column":31}},"loc":{"start":{"line":20,"column":34},"end":{"line":23,"column":null}}},"3":{"name":"(anonymous_3)","decl":{"start":{"line":22,"column":16},"end":{"line":22,"column":25}},"loc":{"start":{"line":22,"column":25},"end":{"line":22,"column":50}}},"4":{"name":"getAllMemes","decl":{"start":{"line":25,"column":13},"end":{"line":25,"column":27}},"loc":{"start":{"line":25,"column":27},"end":{"line":29,"column":null}}},"5":{"name":"(anonymous_5)","decl":{"start":{"line":27,"column":18},"end":{"line":27,"column":25}},"loc":{"start":{"line":27,"column":25},"end":{"line":27,"column":35}}},"6":{"name":"(anonymous_6)","decl":{"start":{"line":28,"column":18},"end":{"line":28,"column":26}},"loc":{"start":{"line":28,"column":26},"end":{"line":28,"column":54}}},"7":{"name":"getRandomMeme","decl":{"start":{"line":31,"column":13},"end":{"line":31,"column":29}},"loc":{"start":{"line":31,"column":29},"end":{"line":35,"column":null}}},"8":{"name":"(anonymous_8)","decl":{"start":{"line":34,"column":16},"end":{"line":34,"column":25}},"loc":{"start":{"line":34,"column":25},"end":{"line":34,"column":61}}}},"branchMap":{},"s":{"0":51,"1":51,"2":51,"3":3,"4":44,"5":44,"6":44,"7":3,"8":3,"9":3,"10":1,"11":1,"12":1,"13":1,"14":51},"f":{"0":51,"1":3,"2":44,"3":44,"4":3,"5":3,"6":3,"7":1,"8":1},"b":{}}
,"C:/Users/hp/OneDrive/Bureau/full-stack-course/react-effect/src/components/Header.jsx": {"path":"C:/Users/hp/OneDrive/Bureau/full-stack-course/react-effect/src/components/Header.jsx","statementMap":{"0":{"start":{"line":4,"column":2},"end":{"line":8,"column":null}}},"fnMap":{"0":{"name":"Header","decl":{"start":{"line":3,"column":24},"end":{"line":3,"column":33}},"loc":{"start":{"line":3,"column":33},"end":{"line":10,"column":null}}}},"branchMap":{},"s":{"0":53},"f":{"0":53},"b":{}}
,"C:/Users/hp/OneDrive/Bureau/full-stack-course/react-effect/src/components/Input.jsx": {"path":"C:/Users/hp/OneDrive/Bureau/full-stack-course/react-effect/src/components/Input.jsx","statementMap":{"0":{"start":{"line":4,"column":8},"end":{"line":4,"column":null}},"1":{"start":{"line":5,"column":8},"end":{"line":5,"column":null}},"2":{"start":{"line":8,"column":4},"end":{"line":33,"column":null}}},"fnMap":{"0":{"name":"Input","decl":{"start":{"line":1,"column":24},"end":{"line":1,"column":30}},"loc":{"start":{"line":1,"column":74},"end":{"line":35,"column":null}}},"1":{"name":"handleBtnClick","decl":{"start":{"line":3,"column":13},"end":{"line":3,"column":28}},"loc":{"start":{"line":3,"column":31},"end":{"line":6,"column":null}}}},"branchMap":{},"s":{"0":1,"1":1,"2":54},"f":{"0":54,"1":1},"b":{}}
,"C:/Users/hp/OneDrive/Bureau/full-stack-course/react-effect/src/components/Meme.jsx": {"path":"C:/Users/hp/OneDrive/Bureau/full-stack-course/react-effect/src/components/Meme.jsx","statementMap":{"0":{"start":{"line":2,"column":4},"end":{"line":7,"column":null}}},"fnMap":{"0":{"name":"Meme","decl":{"start":{"line":1,"column":24},"end":{"line":1,"column":29}},"loc":{"start":{"line":1,"column":39},"end":{"line":9,"column":null}}}},"branchMap":{},"s":{"0":54},"f":{"0":54},"b":{}}
}
